<?xml version="1.0" encoding="UTF-8"?>
<testsuite xmlns:xsi="http://www.w3.org/2001/XMLSchema-instance" xsi:noNamespaceSchemaLocation="https://maven.apache.org/surefire/maven-surefire-plugin/xsd/surefire-test-report.xsd" name="runners.RegressionRunner" time="4.764" tests="18" errors="0" skipped="0" failures="2">
  <properties>
    <property name="java.specification.version" value="14"/>
    <property name="sun.jnu.encoding" value="UTF-8"/>
    <property name="java.class.path" value="/Users/askarmusakunov/Documents/SDET/Java/Fall2021API/target/classes:/Users/askarmusakunov/Documents/SDET/Java/Fall2021API/target/classes:/Users/askarmusakunov/.m2/repository/junit/junit/4.11/junit-4.11.jar:/Users/askarmusakunov/.m2/repository/org/hamcrest/hamcrest-core/1.3/hamcrest-core-1.3.jar:/Users/askarmusakunov/.m2/repository/io/cucumber/cucumber-junit/1.2.6/cucumber-junit-1.2.6.jar:/Users/askarmusakunov/.m2/repository/io/cucumber/cucumber-java/1.2.6/cucumber-java-1.2.6.jar:/Users/askarmusakunov/.m2/repository/io/cucumber/cucumber-core/1.2.6/cucumber-core-1.2.6.jar:/Users/askarmusakunov/.m2/repository/info/cukes/cucumber-html/0.2.3/cucumber-html-0.2.3.jar:/Users/askarmusakunov/.m2/repository/info/cukes/cucumber-jvm-deps/1.0.5/cucumber-jvm-deps-1.0.5.jar:/Users/askarmusakunov/.m2/repository/info/cukes/gherkin/2.12.2/gherkin-2.12.2.jar:/Users/askarmusakunov/.m2/repository/io/rest-assured/rest-assured/4.3.3/rest-assured-4.3.3.jar:/Users/askarmusakunov/.m2/repository/org/codehaus/groovy/groovy/3.0.7/groovy-3.0.7.jar:/Users/askarmusakunov/.m2/repository/org/codehaus/groovy/groovy-xml/3.0.7/groovy-xml-3.0.7.jar:/Users/askarmusakunov/.m2/repository/org/apache/httpcomponents/httpclient/4.5.3/httpclient-4.5.3.jar:/Users/askarmusakunov/.m2/repository/org/apache/httpcomponents/httpcore/4.4.6/httpcore-4.4.6.jar:/Users/askarmusakunov/.m2/repository/commons-logging/commons-logging/1.2/commons-logging-1.2.jar:/Users/askarmusakunov/.m2/repository/commons-codec/commons-codec/1.9/commons-codec-1.9.jar:/Users/askarmusakunov/.m2/repository/org/apache/httpcomponents/httpmime/4.5.3/httpmime-4.5.3.jar:/Users/askarmusakunov/.m2/repository/org/hamcrest/hamcrest/2.1/hamcrest-2.1.jar:/Users/askarmusakunov/.m2/repository/org/ccil/cowan/tagsoup/tagsoup/1.2.1/tagsoup-1.2.1.jar:/Users/askarmusakunov/.m2/repository/io/rest-assured/json-path/4.3.3/json-path-4.3.3.jar:/Users/askarmusakunov/.m2/repository/org/codehaus/groovy/groovy-json/3.0.7/groovy-json-3.0.7.jar:/Users/askarmusakunov/.m2/repository/io/rest-assured/rest-assured-common/4.3.3/rest-assured-common-4.3.3.jar:/Users/askarmusakunov/.m2/repository/io/rest-assured/xml-path/4.3.3/xml-path-4.3.3.jar:/Users/askarmusakunov/.m2/repository/org/apache/commons/commons-lang3/3.11/commons-lang3-3.11.jar:/Users/askarmusakunov/.m2/repository/jakarta/xml/bind/jakarta.xml.bind-api/2.3.3/jakarta.xml.bind-api-2.3.3.jar:/Users/askarmusakunov/.m2/repository/jakarta/activation/jakarta.activation-api/1.2.2/jakarta.activation-api-1.2.2.jar:/Users/askarmusakunov/.m2/repository/com/sun/xml/bind/jaxb-impl/2.3.3/jaxb-impl-2.3.3.jar:/Users/askarmusakunov/.m2/repository/com/google/code/gson/gson/2.8.6/gson-2.8.6.jar:/Users/askarmusakunov/.m2/repository/commons-dbutils/commons-dbutils/1.7/commons-dbutils-1.7.jar:/Users/askarmusakunov/.m2/repository/mysql/mysql-connector-java/8.0.21/mysql-connector-java-8.0.21.jar:/Users/askarmusakunov/.m2/repository/com/google/protobuf/protobuf-java/3.11.4/protobuf-java-3.11.4.jar:/Users/askarmusakunov/.m2/repository/org/projectlombok/lombok/1.18.16/lombok-1.18.16.jar:/Users/askarmusakunov/.m2/repository/com/jcraft/jsch/0.1.54/jsch-0.1.54.jar:/Users/askarmusakunov/.m2/repository/com/fasterxml/jackson/core/jackson-databind/2.10.1/jackson-databind-2.10.1.jar:/Users/askarmusakunov/.m2/repository/com/fasterxml/jackson/core/jackson-annotations/2.10.1/jackson-annotations-2.10.1.jar:/Users/askarmusakunov/.m2/repository/com/fasterxml/jackson/core/jackson-core/2.10.1/jackson-core-2.10.1.jar:/Users/askarmusakunov/.m2/repository/org/apache/logging/log4j/log4j-api/2.11.2/log4j-api-2.11.2.jar:/Users/askarmusakunov/.m2/repository/org/apache/logging/log4j/log4j-core/2.11.2/log4j-core-2.11.2.jar:"/>
    <property name="java.vm.vendor" value="Oracle Corporation"/>
    <property name="sun.arch.data.model" value="64"/>
    <property name="java.vendor.url" value="https://openjdk.java.net/"/>
    <property name="os.name" value="Mac OS X"/>
    <property name="java.vm.specification.version" value="14"/>
    <property name="sun.java.launcher" value="SUN_STANDARD"/>
    <property name="user.country" value="US"/>
    <property name="sun.boot.library.path" value="/usr/local/Cellar/openjdk/14.0.1/libexec/openjdk.jdk/Contents/Home/lib"/>
    <property name="sun.java.command" value="/Users/askarmusakunov/Documents/SDET/Java/Fall2021API/target/surefire/surefirebooter231032680126332895.jar /Users/askarmusakunov/Documents/SDET/Java/Fall2021API/target/surefire 2021-05-12T21-26-17_192-jvmRun1 surefire8129449317004530683tmp surefire_06304219823346693553tmp"/>
    <property name="http.nonProxyHosts" value="local|*.local|169.254/16|*.169.254/16"/>
    <property name="jdk.debug" value="release"/>
    <property name="surefire.test.class.path" value="/Users/askarmusakunov/Documents/SDET/Java/Fall2021API/target/classes:/Users/askarmusakunov/Documents/SDET/Java/Fall2021API/target/classes:/Users/askarmusakunov/.m2/repository/junit/junit/4.11/junit-4.11.jar:/Users/askarmusakunov/.m2/repository/org/hamcrest/hamcrest-core/1.3/hamcrest-core-1.3.jar:/Users/askarmusakunov/.m2/repository/io/cucumber/cucumber-junit/1.2.6/cucumber-junit-1.2.6.jar:/Users/askarmusakunov/.m2/repository/io/cucumber/cucumber-java/1.2.6/cucumber-java-1.2.6.jar:/Users/askarmusakunov/.m2/repository/io/cucumber/cucumber-core/1.2.6/cucumber-core-1.2.6.jar:/Users/askarmusakunov/.m2/repository/info/cukes/cucumber-html/0.2.3/cucumber-html-0.2.3.jar:/Users/askarmusakunov/.m2/repository/info/cukes/cucumber-jvm-deps/1.0.5/cucumber-jvm-deps-1.0.5.jar:/Users/askarmusakunov/.m2/repository/info/cukes/gherkin/2.12.2/gherkin-2.12.2.jar:/Users/askarmusakunov/.m2/repository/io/rest-assured/rest-assured/4.3.3/rest-assured-4.3.3.jar:/Users/askarmusakunov/.m2/repository/org/codehaus/groovy/groovy/3.0.7/groovy-3.0.7.jar:/Users/askarmusakunov/.m2/repository/org/codehaus/groovy/groovy-xml/3.0.7/groovy-xml-3.0.7.jar:/Users/askarmusakunov/.m2/repository/org/apache/httpcomponents/httpclient/4.5.3/httpclient-4.5.3.jar:/Users/askarmusakunov/.m2/repository/org/apache/httpcomponents/httpcore/4.4.6/httpcore-4.4.6.jar:/Users/askarmusakunov/.m2/repository/commons-logging/commons-logging/1.2/commons-logging-1.2.jar:/Users/askarmusakunov/.m2/repository/commons-codec/commons-codec/1.9/commons-codec-1.9.jar:/Users/askarmusakunov/.m2/repository/org/apache/httpcomponents/httpmime/4.5.3/httpmime-4.5.3.jar:/Users/askarmusakunov/.m2/repository/org/hamcrest/hamcrest/2.1/hamcrest-2.1.jar:/Users/askarmusakunov/.m2/repository/org/ccil/cowan/tagsoup/tagsoup/1.2.1/tagsoup-1.2.1.jar:/Users/askarmusakunov/.m2/repository/io/rest-assured/json-path/4.3.3/json-path-4.3.3.jar:/Users/askarmusakunov/.m2/repository/org/codehaus/groovy/groovy-json/3.0.7/groovy-json-3.0.7.jar:/Users/askarmusakunov/.m2/repository/io/rest-assured/rest-assured-common/4.3.3/rest-assured-common-4.3.3.jar:/Users/askarmusakunov/.m2/repository/io/rest-assured/xml-path/4.3.3/xml-path-4.3.3.jar:/Users/askarmusakunov/.m2/repository/org/apache/commons/commons-lang3/3.11/commons-lang3-3.11.jar:/Users/askarmusakunov/.m2/repository/jakarta/xml/bind/jakarta.xml.bind-api/2.3.3/jakarta.xml.bind-api-2.3.3.jar:/Users/askarmusakunov/.m2/repository/jakarta/activation/jakarta.activation-api/1.2.2/jakarta.activation-api-1.2.2.jar:/Users/askarmusakunov/.m2/repository/com/sun/xml/bind/jaxb-impl/2.3.3/jaxb-impl-2.3.3.jar:/Users/askarmusakunov/.m2/repository/com/google/code/gson/gson/2.8.6/gson-2.8.6.jar:/Users/askarmusakunov/.m2/repository/commons-dbutils/commons-dbutils/1.7/commons-dbutils-1.7.jar:/Users/askarmusakunov/.m2/repository/mysql/mysql-connector-java/8.0.21/mysql-connector-java-8.0.21.jar:/Users/askarmusakunov/.m2/repository/com/google/protobuf/protobuf-java/3.11.4/protobuf-java-3.11.4.jar:/Users/askarmusakunov/.m2/repository/org/projectlombok/lombok/1.18.16/lombok-1.18.16.jar:/Users/askarmusakunov/.m2/repository/com/jcraft/jsch/0.1.54/jsch-0.1.54.jar:/Users/askarmusakunov/.m2/repository/com/fasterxml/jackson/core/jackson-databind/2.10.1/jackson-databind-2.10.1.jar:/Users/askarmusakunov/.m2/repository/com/fasterxml/jackson/core/jackson-annotations/2.10.1/jackson-annotations-2.10.1.jar:/Users/askarmusakunov/.m2/repository/com/fasterxml/jackson/core/jackson-core/2.10.1/jackson-core-2.10.1.jar:/Users/askarmusakunov/.m2/repository/org/apache/logging/log4j/log4j-api/2.11.2/log4j-api-2.11.2.jar:/Users/askarmusakunov/.m2/repository/org/apache/logging/log4j/log4j-core/2.11.2/log4j-core-2.11.2.jar:"/>
    <property name="sun.cpu.endian" value="little"/>
    <property name="user.home" value="/Users/askarmusakunov"/>
    <property name="user.language" value="en"/>
    <property name="java.specification.vendor" value="Oracle Corporation"/>
    <property name="java.version.date" value="2020-04-14"/>
    <property name="java.home" value="/usr/local/Cellar/openjdk/14.0.1/libexec/openjdk.jdk/Contents/Home"/>
    <property name="file.separator" value="/"/>
    <property name="basedir" value="/Users/askarmusakunov/Documents/SDET/Java/Fall2021API"/>
    <property name="java.vm.compressedOopsMode" value="Zero based"/>
    <property name="line.separator" value="&#10;"/>
    <property name="java.specification.name" value="Java Platform API Specification"/>
    <property name="java.vm.specification.vendor" value="Oracle Corporation"/>
    <property name="surefire.real.class.path" value="/Users/askarmusakunov/Documents/SDET/Java/Fall2021API/target/surefire/surefirebooter231032680126332895.jar"/>
    <property name="server" value="qa1"/>
    <property name="db.password" value="Devx2020"/>
    <property name="sun.management.compiler" value="HotSpot 64-Bit Tiered Compilers"/>
    <property name="ftp.nonProxyHosts" value="local|*.local|169.254/16|*.169.254/16"/>
    <property name="java.runtime.version" value="14.0.1+14"/>
    <property name="user.name" value="askarmusakunov"/>
    <property name="path.separator" value=":"/>
    <property name="os.version" value="10.15.3"/>
    <property name="java.runtime.name" value="OpenJDK Runtime Environment"/>
    <property name="file.encoding" value="UTF-8"/>
    <property name="java.vm.name" value="OpenJDK 64-Bit Server VM"/>
    <property name="localRepository" value="/Users/askarmusakunov/.m2/repository"/>
    <property name="java.vendor.url.bug" value="https://bugreport.java.com/bugreport/"/>
    <property name="java.io.tmpdir" value="/var/folders/vf/z9ll37j94yj49hrxqk8ckyvr0000gn/T/"/>
    <property name="java.version" value="14.0.1"/>
    <property name="user.dir" value="/Users/askarmusakunov/Documents/SDET/Java/Fall2021API"/>
    <property name="os.arch" value="x86_64"/>
    <property name="java.vm.specification.name" value="Java Virtual Machine Specification"/>
    <property name="java.library.path" value="/Users/askarmusakunov/Library/Java/Extensions:/Library/Java/Extensions:/Network/Library/Java/Extensions:/System/Library/Java/Extensions:/usr/lib/java:."/>
    <property name="java.vm.info" value="mixed mode, sharing"/>
    <property name="java.vendor" value="N/A"/>
    <property name="java.vm.version" value="14.0.1+14"/>
    <property name="sun.io.unicode.encoding" value="UnicodeBig"/>
    <property name="socksNonProxyHosts" value="local|*.local|169.254/16|*.169.254/16"/>
    <property name="java.class.version" value="58.0"/>
  </properties>
  <testcase name="Given &quot;food&quot; table is truncated" classname="Scenario: User adds new item to cache" time="0.001"/>
  <testcase name="Given add new food to FoodDelivery with the following fields" classname="Scenario: User adds new item to cache" time="0"/>
  <testcase name="Then verify that status code is 200" classname="Scenario: User adds new item to cache" time="0"/>
  <testcase name="Then verify that food has been successfully added" classname="Scenario: User adds new item to cache" time="0"/>
  <testcase name="Scenario: User adds new item to cache" classname="Scenario: User adds new item to cache" time="0"/>
  <testcase name="Given &quot;food&quot; table is truncated" classname="Scenario: User adds new food to FoodDelivery without image url" time="0"/>
  <testcase name="Given add new food to FoodDelivery with the following fields" classname="Scenario: User adds new food to FoodDelivery without image url" time="0"/>
  <testcase name="Then verify that status code is 403" classname="Scenario: User adds new food to FoodDelivery without image url" time="0.001"/>
  <testcase name="Then verify response error message &quot;Invalid request - Food image url cannot be null or empty.&quot;" classname="Scenario: User adds new food to FoodDelivery without image url" time="0"/>
  <testcase name="Scenario: User adds new food to FoodDelivery without image url" classname="Scenario: User adds new food to FoodDelivery without image url" time="0"/>
  <testcase name="Given &quot;food&quot; table is truncated" classname="Scenario: User commits the food in cache" time="0.001"/>
  <testcase name="Given add new food to FoodDelivery with the following fields" classname="Scenario: User commits the food in cache" time="0"/>
  <testcase name="And verify that status code is 200" classname="Scenario: User commits the food in cache" time="0"/>
  <testcase name="And verify that food has been successfully added" classname="Scenario: User commits the food in cache" time="0"/>
  <testcase name="When users commits the cache to db" classname="Scenario: User commits the food in cache" time="0"/>
  <testcase name="Then app should send the following response" classname="Scenario: User commits the food in cache" time="0"/>
  <testcase name="And the following food should be committed to db" classname="Scenario: User commits the food in cache" time="0.003">
    <failure message="Invalid number of DB entries expected:&lt;1&gt; but was:&lt;0&gt;" type="java.lang.AssertionError"><![CDATA[java.lang.AssertionError: Invalid number of DB entries expected:<1> but was:<0>
]]></failure>
    <system-out><![CDATA[[Food(id=null, description=Wine, imageUrl=null, price=20.0, name=Merlot, foodType=null, food_type=0, image_url=https:foods.com)]
]]></system-out>
  </testcase>
  <testcase name="Scenario: User commits the food in cache" classname="Scenario: User commits the food in cache" time="0.004">
    <failure message="Invalid number of DB entries expected:&lt;1&gt; but was:&lt;0&gt;" type="java.lang.AssertionError"><![CDATA[java.lang.AssertionError: Invalid number of DB entries expected:<1> but was:<0>
]]></failure>
  </testcase>
</testsuite>